CRITICAL - 2024-08-27 07:17:06 --> ErrorException: Undefined array key "name"
[Method: GET, Route: /]
in APPPATH/Views/liste.php on line 25.
 1 APPPATH/Views/liste.php(25): CodeIgniter\Debug\Exceptions->errorHandler()
 2 SYSTEMPATH/View/View.php(234): include('/home/hubs/Development/Php/Frameworks/codeIgniter/codeigniter4-framework-336e078/app/Views/liste.php')
 3 SYSTEMPATH/View/View.php(237): CodeIgniter\View\View->CodeIgniter\View\{closure}()
 4 SYSTEMPATH/Common.php(1169): CodeIgniter\View\View->render()
 5 APPPATH/Controllers/Home.php(13): view()
 6 SYSTEMPATH/CodeIgniter.php(933): App\Controllers\Home->index()
 7 SYSTEMPATH/CodeIgniter.php(509): CodeIgniter\CodeIgniter->runController()
 8 SYSTEMPATH/CodeIgniter.php(355): CodeIgniter\CodeIgniter->handleRequest()
 9 SYSTEMPATH/Boot.php(325): CodeIgniter\CodeIgniter->run()
10 SYSTEMPATH/Boot.php(67): CodeIgniter\Boot::runCodeIgniter()
11 FCPATH/index.php(56): CodeIgniter\Boot::bootWeb()
12 SYSTEMPATH/rewrite.php(44): require_once('/home/hubs/Development/Php/Frameworks/codeIgniter/codeigniter4-framework-336e078/public/index.php')
ERROR - 2024-08-27 07:56:32 --> mysqli_sql_exception: Column 'nom' cannot be null in /home/hubs/Development/Php/Frameworks/codeIgniter/codeigniter4-framework-336e078/system/Database/MySQLi/Connection.php:312
Stack trace:
#0 /home/hubs/Development/Php/Frameworks/codeIgniter/codeigniter4-framework-336e078/system/Database/MySQLi/Connection.php(312): mysqli->query()
#1 /home/hubs/Development/Php/Frameworks/codeIgniter/codeigniter4-framework-336e078/system/Database/BaseConnection.php(734): CodeIgniter\Database\MySQLi\Connection->execute()
#2 /home/hubs/Development/Php/Frameworks/codeIgniter/codeigniter4-framework-336e078/system/Database/BaseConnection.php(648): CodeIgniter\Database\BaseConnection->simpleQuery()
#3 /home/hubs/Development/Php/Frameworks/codeIgniter/codeigniter4-framework-336e078/system/Database/BaseBuilder.php(2340): CodeIgniter\Database\BaseConnection->query()
#4 /home/hubs/Development/Php/Frameworks/codeIgniter/codeigniter4-framework-336e078/system/Model.php(394): CodeIgniter\Database\BaseBuilder->insert()
#5 /home/hubs/Development/Php/Frameworks/codeIgniter/codeigniter4-framework-336e078/system/BaseModel.php(840): CodeIgniter\Model->doInsert()
#6 /home/hubs/Development/Php/Frameworks/codeIgniter/codeigniter4-framework-336e078/system/Model.php(802): CodeIgniter\BaseModel->insert()
#7 /home/hubs/Development/Php/Frameworks/codeIgniter/codeigniter4-framework-336e078/app/Controllers/Home.php(34): CodeIgniter\Model->insert()
#8 /home/hubs/Development/Php/Frameworks/codeIgniter/codeigniter4-framework-336e078/system/CodeIgniter.php(933): App\Controllers\Home->enregistrer()
#9 /home/hubs/Development/Php/Frameworks/codeIgniter/codeigniter4-framework-336e078/system/CodeIgniter.php(509): CodeIgniter\CodeIgniter->runController()
#10 /home/hubs/Development/Php/Frameworks/codeIgniter/codeigniter4-framework-336e078/system/CodeIgniter.php(355): CodeIgniter\CodeIgniter->handleRequest()
#11 /home/hubs/Development/Php/Frameworks/codeIgniter/codeigniter4-framework-336e078/system/Boot.php(325): CodeIgniter\CodeIgniter->run()
#12 /home/hubs/Development/Php/Frameworks/codeIgniter/codeigniter4-framework-336e078/system/Boot.php(67): CodeIgniter\Boot::runCodeIgniter()
#13 /home/hubs/Development/Php/Frameworks/codeIgniter/codeigniter4-framework-336e078/public/index.php(56): CodeIgniter\Boot::bootWeb()
#14 /home/hubs/Development/Php/Frameworks/codeIgniter/codeigniter4-framework-336e078/system/rewrite.php(44): require_once('...')
#15 {main}
CRITICAL - 2024-08-27 07:56:32 --> CodeIgniter\Database\Exceptions\DatabaseException: Column 'nom' cannot be null
[Method: POST, Route: ajout]
in SYSTEMPATH/Database/BaseConnection.php on line 688.
 1 SYSTEMPATH/Database/BaseBuilder.php(2340): CodeIgniter\Database\BaseConnection->query()
 2 SYSTEMPATH/Model.php(394): CodeIgniter\Database\BaseBuilder->insert()
 3 SYSTEMPATH/BaseModel.php(840): CodeIgniter\Model->doInsert()
 4 SYSTEMPATH/Model.php(802): CodeIgniter\BaseModel->insert()
 5 APPPATH/Controllers/Home.php(34): CodeIgniter\Model->insert()
 6 SYSTEMPATH/CodeIgniter.php(933): App\Controllers\Home->enregistrer()
 7 SYSTEMPATH/CodeIgniter.php(509): CodeIgniter\CodeIgniter->runController()
 8 SYSTEMPATH/CodeIgniter.php(355): CodeIgniter\CodeIgniter->handleRequest()
 9 SYSTEMPATH/Boot.php(325): CodeIgniter\CodeIgniter->run()
10 SYSTEMPATH/Boot.php(67): CodeIgniter\Boot::runCodeIgniter()
11 FCPATH/index.php(56): CodeIgniter\Boot::bootWeb()
12 SYSTEMPATH/rewrite.php(44): require_once('/home/hubs/Development/Php/Frameworks/codeIgniter/codeigniter4-framework-336e078/public/index.php')
CRITICAL - 2024-08-27 07:56:32 --> [Caused by] CodeIgniter\Database\Exceptions\DatabaseException: Column 'nom' cannot be null
in SYSTEMPATH/Database/MySQLi/Connection.php on line 317.
 1 SYSTEMPATH/Database/BaseConnection.php(734): CodeIgniter\Database\MySQLi\Connection->execute()
 2 SYSTEMPATH/Database/BaseConnection.php(648): CodeIgniter\Database\BaseConnection->simpleQuery()
 3 SYSTEMPATH/Database/BaseBuilder.php(2340): CodeIgniter\Database\BaseConnection->query()
 4 SYSTEMPATH/Model.php(394): CodeIgniter\Database\BaseBuilder->insert()
 5 SYSTEMPATH/BaseModel.php(840): CodeIgniter\Model->doInsert()
 6 SYSTEMPATH/Model.php(802): CodeIgniter\BaseModel->insert()
 7 APPPATH/Controllers/Home.php(34): CodeIgniter\Model->insert()
 8 SYSTEMPATH/CodeIgniter.php(933): App\Controllers\Home->enregistrer()
 9 SYSTEMPATH/CodeIgniter.php(509): CodeIgniter\CodeIgniter->runController()
10 SYSTEMPATH/CodeIgniter.php(355): CodeIgniter\CodeIgniter->handleRequest()
11 SYSTEMPATH/Boot.php(325): CodeIgniter\CodeIgniter->run()
12 SYSTEMPATH/Boot.php(67): CodeIgniter\Boot::runCodeIgniter()
13 FCPATH/index.php(56): CodeIgniter\Boot::bootWeb()
14 SYSTEMPATH/rewrite.php(44): require_once('/home/hubs/Development/Php/Frameworks/codeIgniter/codeigniter4-framework-336e078/public/index.php')
CRITICAL - 2024-08-27 07:56:32 --> [Caused by] mysqli_sql_exception: Column 'nom' cannot be null
in SYSTEMPATH/Database/MySQLi/Connection.php on line 312.
 1 SYSTEMPATH/Database/MySQLi/Connection.php(312): mysqli->query()
 2 SYSTEMPATH/Database/BaseConnection.php(734): CodeIgniter\Database\MySQLi\Connection->execute()
 3 SYSTEMPATH/Database/BaseConnection.php(648): CodeIgniter\Database\BaseConnection->simpleQuery()
 4 SYSTEMPATH/Database/BaseBuilder.php(2340): CodeIgniter\Database\BaseConnection->query()
 5 SYSTEMPATH/Model.php(394): CodeIgniter\Database\BaseBuilder->insert()
 6 SYSTEMPATH/BaseModel.php(840): CodeIgniter\Model->doInsert()
 7 SYSTEMPATH/Model.php(802): CodeIgniter\BaseModel->insert()
 8 APPPATH/Controllers/Home.php(34): CodeIgniter\Model->insert()
 9 SYSTEMPATH/CodeIgniter.php(933): App\Controllers\Home->enregistrer()
10 SYSTEMPATH/CodeIgniter.php(509): CodeIgniter\CodeIgniter->runController()
11 SYSTEMPATH/CodeIgniter.php(355): CodeIgniter\CodeIgniter->handleRequest()
12 SYSTEMPATH/Boot.php(325): CodeIgniter\CodeIgniter->run()
13 SYSTEMPATH/Boot.php(67): CodeIgniter\Boot::runCodeIgniter()
14 FCPATH/index.php(56): CodeIgniter\Boot::bootWeb()
15 SYSTEMPATH/rewrite.php(44): require_once('/home/hubs/Development/Php/Frameworks/codeIgniter/codeigniter4-framework-336e078/public/index.php')
ERROR - 2024-08-27 07:57:44 --> mysqli_sql_exception: Column 'nom' cannot be null in /home/hubs/Development/Php/Frameworks/codeIgniter/codeigniter4-framework-336e078/system/Database/MySQLi/Connection.php:312
Stack trace:
#0 /home/hubs/Development/Php/Frameworks/codeIgniter/codeigniter4-framework-336e078/system/Database/MySQLi/Connection.php(312): mysqli->query()
#1 /home/hubs/Development/Php/Frameworks/codeIgniter/codeigniter4-framework-336e078/system/Database/BaseConnection.php(734): CodeIgniter\Database\MySQLi\Connection->execute()
#2 /home/hubs/Development/Php/Frameworks/codeIgniter/codeigniter4-framework-336e078/system/Database/BaseConnection.php(648): CodeIgniter\Database\BaseConnection->simpleQuery()
#3 /home/hubs/Development/Php/Frameworks/codeIgniter/codeigniter4-framework-336e078/system/Database/BaseBuilder.php(2340): CodeIgniter\Database\BaseConnection->query()
#4 /home/hubs/Development/Php/Frameworks/codeIgniter/codeigniter4-framework-336e078/system/Model.php(394): CodeIgniter\Database\BaseBuilder->insert()
#5 /home/hubs/Development/Php/Frameworks/codeIgniter/codeigniter4-framework-336e078/system/BaseModel.php(840): CodeIgniter\Model->doInsert()
#6 /home/hubs/Development/Php/Frameworks/codeIgniter/codeigniter4-framework-336e078/system/Model.php(802): CodeIgniter\BaseModel->insert()
#7 /home/hubs/Development/Php/Frameworks/codeIgniter/codeigniter4-framework-336e078/app/Controllers/Home.php(34): CodeIgniter\Model->insert()
#8 /home/hubs/Development/Php/Frameworks/codeIgniter/codeigniter4-framework-336e078/system/CodeIgniter.php(933): App\Controllers\Home->enregistrer()
#9 /home/hubs/Development/Php/Frameworks/codeIgniter/codeigniter4-framework-336e078/system/CodeIgniter.php(509): CodeIgniter\CodeIgniter->runController()
#10 /home/hubs/Development/Php/Frameworks/codeIgniter/codeigniter4-framework-336e078/system/CodeIgniter.php(355): CodeIgniter\CodeIgniter->handleRequest()
#11 /home/hubs/Development/Php/Frameworks/codeIgniter/codeigniter4-framework-336e078/system/Boot.php(325): CodeIgniter\CodeIgniter->run()
#12 /home/hubs/Development/Php/Frameworks/codeIgniter/codeigniter4-framework-336e078/system/Boot.php(67): CodeIgniter\Boot::runCodeIgniter()
#13 /home/hubs/Development/Php/Frameworks/codeIgniter/codeigniter4-framework-336e078/public/index.php(56): CodeIgniter\Boot::bootWeb()
#14 /home/hubs/Development/Php/Frameworks/codeIgniter/codeigniter4-framework-336e078/system/rewrite.php(44): require_once('...')
#15 {main}
CRITICAL - 2024-08-27 07:57:44 --> CodeIgniter\Database\Exceptions\DatabaseException: Column 'nom' cannot be null
[Method: POST, Route: ajout]
in SYSTEMPATH/Database/BaseConnection.php on line 688.
 1 SYSTEMPATH/Database/BaseBuilder.php(2340): CodeIgniter\Database\BaseConnection->query()
 2 SYSTEMPATH/Model.php(394): CodeIgniter\Database\BaseBuilder->insert()
 3 SYSTEMPATH/BaseModel.php(840): CodeIgniter\Model->doInsert()
 4 SYSTEMPATH/Model.php(802): CodeIgniter\BaseModel->insert()
 5 APPPATH/Controllers/Home.php(34): CodeIgniter\Model->insert()
 6 SYSTEMPATH/CodeIgniter.php(933): App\Controllers\Home->enregistrer()
 7 SYSTEMPATH/CodeIgniter.php(509): CodeIgniter\CodeIgniter->runController()
 8 SYSTEMPATH/CodeIgniter.php(355): CodeIgniter\CodeIgniter->handleRequest()
 9 SYSTEMPATH/Boot.php(325): CodeIgniter\CodeIgniter->run()
10 SYSTEMPATH/Boot.php(67): CodeIgniter\Boot::runCodeIgniter()
11 FCPATH/index.php(56): CodeIgniter\Boot::bootWeb()
12 SYSTEMPATH/rewrite.php(44): require_once('/home/hubs/Development/Php/Frameworks/codeIgniter/codeigniter4-framework-336e078/public/index.php')
CRITICAL - 2024-08-27 07:57:44 --> [Caused by] CodeIgniter\Database\Exceptions\DatabaseException: Column 'nom' cannot be null
in SYSTEMPATH/Database/MySQLi/Connection.php on line 317.
 1 SYSTEMPATH/Database/BaseConnection.php(734): CodeIgniter\Database\MySQLi\Connection->execute()
 2 SYSTEMPATH/Database/BaseConnection.php(648): CodeIgniter\Database\BaseConnection->simpleQuery()
 3 SYSTEMPATH/Database/BaseBuilder.php(2340): CodeIgniter\Database\BaseConnection->query()
 4 SYSTEMPATH/Model.php(394): CodeIgniter\Database\BaseBuilder->insert()
 5 SYSTEMPATH/BaseModel.php(840): CodeIgniter\Model->doInsert()
 6 SYSTEMPATH/Model.php(802): CodeIgniter\BaseModel->insert()
 7 APPPATH/Controllers/Home.php(34): CodeIgniter\Model->insert()
 8 SYSTEMPATH/CodeIgniter.php(933): App\Controllers\Home->enregistrer()
 9 SYSTEMPATH/CodeIgniter.php(509): CodeIgniter\CodeIgniter->runController()
10 SYSTEMPATH/CodeIgniter.php(355): CodeIgniter\CodeIgniter->handleRequest()
11 SYSTEMPATH/Boot.php(325): CodeIgniter\CodeIgniter->run()
12 SYSTEMPATH/Boot.php(67): CodeIgniter\Boot::runCodeIgniter()
13 FCPATH/index.php(56): CodeIgniter\Boot::bootWeb()
14 SYSTEMPATH/rewrite.php(44): require_once('/home/hubs/Development/Php/Frameworks/codeIgniter/codeigniter4-framework-336e078/public/index.php')
CRITICAL - 2024-08-27 07:57:44 --> [Caused by] mysqli_sql_exception: Column 'nom' cannot be null
in SYSTEMPATH/Database/MySQLi/Connection.php on line 312.
 1 SYSTEMPATH/Database/MySQLi/Connection.php(312): mysqli->query()
 2 SYSTEMPATH/Database/BaseConnection.php(734): CodeIgniter\Database\MySQLi\Connection->execute()
 3 SYSTEMPATH/Database/BaseConnection.php(648): CodeIgniter\Database\BaseConnection->simpleQuery()
 4 SYSTEMPATH/Database/BaseBuilder.php(2340): CodeIgniter\Database\BaseConnection->query()
 5 SYSTEMPATH/Model.php(394): CodeIgniter\Database\BaseBuilder->insert()
 6 SYSTEMPATH/BaseModel.php(840): CodeIgniter\Model->doInsert()
 7 SYSTEMPATH/Model.php(802): CodeIgniter\BaseModel->insert()
 8 APPPATH/Controllers/Home.php(34): CodeIgniter\Model->insert()
 9 SYSTEMPATH/CodeIgniter.php(933): App\Controllers\Home->enregistrer()
10 SYSTEMPATH/CodeIgniter.php(509): CodeIgniter\CodeIgniter->runController()
11 SYSTEMPATH/CodeIgniter.php(355): CodeIgniter\CodeIgniter->handleRequest()
12 SYSTEMPATH/Boot.php(325): CodeIgniter\CodeIgniter->run()
13 SYSTEMPATH/Boot.php(67): CodeIgniter\Boot::runCodeIgniter()
14 FCPATH/index.php(56): CodeIgniter\Boot::bootWeb()
15 SYSTEMPATH/rewrite.php(44): require_once('/home/hubs/Development/Php/Frameworks/codeIgniter/codeigniter4-framework-336e078/public/index.php')
CRITICAL - 2024-08-27 08:14:10 --> ArgumentCountError: Too few arguments to function App\Controllers\Home::delete(), 0 passed in /home/hubs/Development/Php/Frameworks/codeIgniter/codeigniter4-framework-336e078/system/CodeIgniter.php on line 933 and exactly 1 expected
[Method: GET, Route: delete]
in APPPATH/Controllers/Home.php on line 38.
 1 SYSTEMPATH/CodeIgniter.php(933): App\Controllers\Home->delete()
 2 SYSTEMPATH/CodeIgniter.php(509): CodeIgniter\CodeIgniter->runController()
 3 SYSTEMPATH/CodeIgniter.php(355): CodeIgniter\CodeIgniter->handleRequest()
 4 SYSTEMPATH/Boot.php(325): CodeIgniter\CodeIgniter->run()
 5 SYSTEMPATH/Boot.php(67): CodeIgniter\Boot::runCodeIgniter()
 6 FCPATH/index.php(56): CodeIgniter\Boot::bootWeb()
 7 SYSTEMPATH/rewrite.php(44): require_once('/home/hubs/Development/Php/Frameworks/codeIgniter/codeigniter4-framework-336e078/public/index.php')
ERROR - 2024-08-27 13:25:33 --> Error connecting to the database: mysqli_sql_exception: No such file or directory in /home/hubs/Development/Php/Frameworks/codeIgniter/codeigniter4-framework-336e078/system/Database/MySQLi/Connection.php:186
Stack trace:
#0 /home/hubs/Development/Php/Frameworks/codeIgniter/codeigniter4-framework-336e078/system/Database/MySQLi/Connection.php(186): mysqli->real_connect()
#1 /home/hubs/Development/Php/Frameworks/codeIgniter/codeigniter4-framework-336e078/system/Database/BaseConnection.php(421): CodeIgniter\Database\MySQLi\Connection->connect()
#2 /home/hubs/Development/Php/Frameworks/codeIgniter/codeigniter4-framework-336e078/system/Database/BaseConnection.php(616): CodeIgniter\Database\BaseConnection->initialize()
#3 /home/hubs/Development/Php/Frameworks/codeIgniter/codeigniter4-framework-336e078/system/Database/BaseBuilder.php(1644): CodeIgniter\Database\BaseConnection->query()
#4 /home/hubs/Development/Php/Frameworks/codeIgniter/codeigniter4-framework-336e078/system/Model.php(286): CodeIgniter\Database\BaseBuilder->get()
#5 /home/hubs/Development/Php/Frameworks/codeIgniter/codeigniter4-framework-336e078/system/BaseModel.php(676): CodeIgniter\Model->doFindAll()
#6 /home/hubs/Development/Php/Frameworks/codeIgniter/codeigniter4-framework-336e078/app/Controllers/Home.php(12): CodeIgniter\BaseModel->findAll()
#7 /home/hubs/Development/Php/Frameworks/codeIgniter/codeigniter4-framework-336e078/system/CodeIgniter.php(933): App\Controllers\Home->index()
#8 /home/hubs/Development/Php/Frameworks/codeIgniter/codeigniter4-framework-336e078/system/CodeIgniter.php(509): CodeIgniter\CodeIgniter->runController()
#9 /home/hubs/Development/Php/Frameworks/codeIgniter/codeigniter4-framework-336e078/system/CodeIgniter.php(355): CodeIgniter\CodeIgniter->handleRequest()
#10 /home/hubs/Development/Php/Frameworks/codeIgniter/codeigniter4-framework-336e078/system/Boot.php(325): CodeIgniter\CodeIgniter->run()
#11 /home/hubs/Development/Php/Frameworks/codeIgniter/codeigniter4-framework-336e078/system/Boot.php(67): CodeIgniter\Boot::runCodeIgniter()
#12 /home/hubs/Development/Php/Frameworks/codeIgniter/codeigniter4-framework-336e078/public/index.php(56): CodeIgniter\Boot::bootWeb()
#13 /home/hubs/Development/Php/Frameworks/codeIgniter/codeigniter4-framework-336e078/system/rewrite.php(44): require_once('...')
#14 {main}

Next CodeIgniter\Database\Exceptions\DatabaseException: No such file or directory in /home/hubs/Development/Php/Frameworks/codeIgniter/codeigniter4-framework-336e078/system/Database/MySQLi/Connection.php:231
Stack trace:
#0 /home/hubs/Development/Php/Frameworks/codeIgniter/codeigniter4-framework-336e078/system/Database/BaseConnection.php(421): CodeIgniter\Database\MySQLi\Connection->connect()
#1 /home/hubs/Development/Php/Frameworks/codeIgniter/codeigniter4-framework-336e078/system/Database/BaseConnection.php(616): CodeIgniter\Database\BaseConnection->initialize()
#2 /home/hubs/Development/Php/Frameworks/codeIgniter/codeigniter4-framework-336e078/system/Database/BaseBuilder.php(1644): CodeIgniter\Database\BaseConnection->query()
#3 /home/hubs/Development/Php/Frameworks/codeIgniter/codeigniter4-framework-336e078/system/Model.php(286): CodeIgniter\Database\BaseBuilder->get()
#4 /home/hubs/Development/Php/Frameworks/codeIgniter/codeigniter4-framework-336e078/system/BaseModel.php(676): CodeIgniter\Model->doFindAll()
#5 /home/hubs/Development/Php/Frameworks/codeIgniter/codeigniter4-framework-336e078/app/Controllers/Home.php(12): CodeIgniter\BaseModel->findAll()
#6 /home/hubs/Development/Php/Frameworks/codeIgniter/codeigniter4-framework-336e078/system/CodeIgniter.php(933): App\Controllers\Home->index()
#7 /home/hubs/Development/Php/Frameworks/codeIgniter/codeigniter4-framework-336e078/system/CodeIgniter.php(509): CodeIgniter\CodeIgniter->runController()
#8 /home/hubs/Development/Php/Frameworks/codeIgniter/codeigniter4-framework-336e078/system/CodeIgniter.php(355): CodeIgniter\CodeIgniter->handleRequest()
#9 /home/hubs/Development/Php/Frameworks/codeIgniter/codeigniter4-framework-336e078/system/Boot.php(325): CodeIgniter\CodeIgniter->run()
#10 /home/hubs/Development/Php/Frameworks/codeIgniter/codeigniter4-framework-336e078/system/Boot.php(67): CodeIgniter\Boot::runCodeIgniter()
#11 /home/hubs/Development/Php/Frameworks/codeIgniter/codeigniter4-framework-336e078/public/index.php(56): CodeIgniter\Boot::bootWeb()
#12 /home/hubs/Development/Php/Frameworks/codeIgniter/codeigniter4-framework-336e078/system/rewrite.php(44): require_once('...')
#13 {main}
CRITICAL - 2024-08-27 13:25:33 --> CodeIgniter\Database\Exceptions\DatabaseException: Unable to connect to the database.
Main connection [MySQLi]: No such file or directory
[Method: GET, Route: /]
in SYSTEMPATH/Database/BaseConnection.php on line 467.
 1 SYSTEMPATH/Database/BaseConnection.php(616): CodeIgniter\Database\BaseConnection->initialize()
 2 SYSTEMPATH/Database/BaseBuilder.php(1644): CodeIgniter\Database\BaseConnection->query()
 3 SYSTEMPATH/Model.php(286): CodeIgniter\Database\BaseBuilder->get()
 4 SYSTEMPATH/BaseModel.php(676): CodeIgniter\Model->doFindAll()
 5 APPPATH/Controllers/Home.php(12): CodeIgniter\BaseModel->findAll()
 6 SYSTEMPATH/CodeIgniter.php(933): App\Controllers\Home->index()
 7 SYSTEMPATH/CodeIgniter.php(509): CodeIgniter\CodeIgniter->runController()
 8 SYSTEMPATH/CodeIgniter.php(355): CodeIgniter\CodeIgniter->handleRequest()
 9 SYSTEMPATH/Boot.php(325): CodeIgniter\CodeIgniter->run()
10 SYSTEMPATH/Boot.php(67): CodeIgniter\Boot::runCodeIgniter()
11 FCPATH/index.php(56): CodeIgniter\Boot::bootWeb()
12 SYSTEMPATH/rewrite.php(44): require_once('/home/hubs/Development/Php/Frameworks/codeIgniter/codeigniter4-framework-336e078/public/index.php')
CRITICAL - 2024-08-27 13:35:35 --> ErrorException: Undefined variable $user
[Method: GET, Route: edit/5]
in APPPATH/Views/edit.php on line 19.
 1 APPPATH/Views/edit.php(19): CodeIgniter\Debug\Exceptions->errorHandler()
 2 SYSTEMPATH/View/View.php(234): include('/home/hubs/Development/Php/Frameworks/codeIgniter/codeigniter4-framework-336e078/app/Views/edit.php')
 3 SYSTEMPATH/View/View.php(237): CodeIgniter\View\View->CodeIgniter\View\{closure}()
 4 SYSTEMPATH/Common.php(1169): CodeIgniter\View\View->render()
 5 APPPATH/Controllers/Home.php(47): view()
 6 SYSTEMPATH/CodeIgniter.php(933): App\Controllers\Home->edit()
 7 SYSTEMPATH/CodeIgniter.php(509): CodeIgniter\CodeIgniter->runController()
 8 SYSTEMPATH/CodeIgniter.php(355): CodeIgniter\CodeIgniter->handleRequest()
 9 SYSTEMPATH/Boot.php(325): CodeIgniter\CodeIgniter->run()
10 SYSTEMPATH/Boot.php(67): CodeIgniter\Boot::runCodeIgniter()
11 FCPATH/index.php(56): CodeIgniter\Boot::bootWeb()
12 SYSTEMPATH/rewrite.php(44): require_once('/home/hubs/Development/Php/Frameworks/codeIgniter/codeigniter4-framework-336e078/public/index.php')
CRITICAL - 2024-08-27 13:38:34 --> ErrorException: Undefined variable $user
[Method: GET, Route: edit/5]
in APPPATH/Views/edit.php on line 19.
 1 APPPATH/Views/edit.php(19): CodeIgniter\Debug\Exceptions->errorHandler()
 2 SYSTEMPATH/View/View.php(234): include('/home/hubs/Development/Php/Frameworks/codeIgniter/codeigniter4-framework-336e078/app/Views/edit.php')
 3 SYSTEMPATH/View/View.php(237): CodeIgniter\View\View->CodeIgniter\View\{closure}()
 4 SYSTEMPATH/Common.php(1169): CodeIgniter\View\View->render()
 5 APPPATH/Controllers/Home.php(60): view()
 6 SYSTEMPATH/CodeIgniter.php(933): App\Controllers\Home->edit()
 7 SYSTEMPATH/CodeIgniter.php(509): CodeIgniter\CodeIgniter->runController()
 8 SYSTEMPATH/CodeIgniter.php(355): CodeIgniter\CodeIgniter->handleRequest()
 9 SYSTEMPATH/Boot.php(325): CodeIgniter\CodeIgniter->run()
10 SYSTEMPATH/Boot.php(67): CodeIgniter\Boot::runCodeIgniter()
11 FCPATH/index.php(56): CodeIgniter\Boot::bootWeb()
12 SYSTEMPATH/rewrite.php(44): require_once('/home/hubs/Development/Php/Frameworks/codeIgniter/codeigniter4-framework-336e078/public/index.php')
CRITICAL - 2024-08-27 13:38:36 --> ErrorException: Undefined variable $user
[Method: GET, Route: edit/5]
in APPPATH/Views/edit.php on line 19.
 1 APPPATH/Views/edit.php(19): CodeIgniter\Debug\Exceptions->errorHandler()
 2 SYSTEMPATH/View/View.php(234): include('/home/hubs/Development/Php/Frameworks/codeIgniter/codeigniter4-framework-336e078/app/Views/edit.php')
 3 SYSTEMPATH/View/View.php(237): CodeIgniter\View\View->CodeIgniter\View\{closure}()
 4 SYSTEMPATH/Common.php(1169): CodeIgniter\View\View->render()
 5 APPPATH/Controllers/Home.php(60): view()
 6 SYSTEMPATH/CodeIgniter.php(933): App\Controllers\Home->edit()
 7 SYSTEMPATH/CodeIgniter.php(509): CodeIgniter\CodeIgniter->runController()
 8 SYSTEMPATH/CodeIgniter.php(355): CodeIgniter\CodeIgniter->handleRequest()
 9 SYSTEMPATH/Boot.php(325): CodeIgniter\CodeIgniter->run()
10 SYSTEMPATH/Boot.php(67): CodeIgniter\Boot::runCodeIgniter()
11 FCPATH/index.php(56): CodeIgniter\Boot::bootWeb()
12 SYSTEMPATH/rewrite.php(44): require_once('/home/hubs/Development/Php/Frameworks/codeIgniter/codeigniter4-framework-336e078/public/index.php')
CRITICAL - 2024-08-27 13:38:48 --> ErrorException: Undefined variable $user
[Method: GET, Route: edit/5]
in APPPATH/Views/edit.php on line 19.
 1 APPPATH/Views/edit.php(19): CodeIgniter\Debug\Exceptions->errorHandler()
 2 SYSTEMPATH/View/View.php(234): include('/home/hubs/Development/Php/Frameworks/codeIgniter/codeigniter4-framework-336e078/app/Views/edit.php')
 3 SYSTEMPATH/View/View.php(237): CodeIgniter\View\View->CodeIgniter\View\{closure}()
 4 SYSTEMPATH/Common.php(1169): CodeIgniter\View\View->render()
 5 APPPATH/Controllers/Home.php(60): view()
 6 SYSTEMPATH/CodeIgniter.php(933): App\Controllers\Home->edit()
 7 SYSTEMPATH/CodeIgniter.php(509): CodeIgniter\CodeIgniter->runController()
 8 SYSTEMPATH/CodeIgniter.php(355): CodeIgniter\CodeIgniter->handleRequest()
 9 SYSTEMPATH/Boot.php(325): CodeIgniter\CodeIgniter->run()
10 SYSTEMPATH/Boot.php(67): CodeIgniter\Boot::runCodeIgniter()
11 FCPATH/index.php(56): CodeIgniter\Boot::bootWeb()
12 SYSTEMPATH/rewrite.php(44): require_once('/home/hubs/Development/Php/Frameworks/codeIgniter/codeigniter4-framework-336e078/public/index.php')
CRITICAL - 2024-08-27 13:38:49 --> ErrorException: Undefined variable $user
[Method: GET, Route: edit/5]
in APPPATH/Views/edit.php on line 19.
 1 APPPATH/Views/edit.php(19): CodeIgniter\Debug\Exceptions->errorHandler()
 2 SYSTEMPATH/View/View.php(234): include('/home/hubs/Development/Php/Frameworks/codeIgniter/codeigniter4-framework-336e078/app/Views/edit.php')
 3 SYSTEMPATH/View/View.php(237): CodeIgniter\View\View->CodeIgniter\View\{closure}()
 4 SYSTEMPATH/Common.php(1169): CodeIgniter\View\View->render()
 5 APPPATH/Controllers/Home.php(60): view()
 6 SYSTEMPATH/CodeIgniter.php(933): App\Controllers\Home->edit()
 7 SYSTEMPATH/CodeIgniter.php(509): CodeIgniter\CodeIgniter->runController()
 8 SYSTEMPATH/CodeIgniter.php(355): CodeIgniter\CodeIgniter->handleRequest()
 9 SYSTEMPATH/Boot.php(325): CodeIgniter\CodeIgniter->run()
10 SYSTEMPATH/Boot.php(67): CodeIgniter\Boot::runCodeIgniter()
11 FCPATH/index.php(56): CodeIgniter\Boot::bootWeb()
12 SYSTEMPATH/rewrite.php(44): require_once('/home/hubs/Development/Php/Frameworks/codeIgniter/codeigniter4-framework-336e078/public/index.php')
CRITICAL - 2024-08-27 13:39:10 --> ErrorException: Undefined variable $user
[Method: GET, Route: edit/5]
in APPPATH/Views/edit.php on line 19.
 1 APPPATH/Views/edit.php(19): CodeIgniter\Debug\Exceptions->errorHandler()
 2 SYSTEMPATH/View/View.php(234): include('/home/hubs/Development/Php/Frameworks/codeIgniter/codeigniter4-framework-336e078/app/Views/edit.php')
 3 SYSTEMPATH/View/View.php(237): CodeIgniter\View\View->CodeIgniter\View\{closure}()
 4 SYSTEMPATH/Common.php(1169): CodeIgniter\View\View->render()
 5 APPPATH/Controllers/Home.php(60): view()
 6 SYSTEMPATH/CodeIgniter.php(933): App\Controllers\Home->edit()
 7 SYSTEMPATH/CodeIgniter.php(509): CodeIgniter\CodeIgniter->runController()
 8 SYSTEMPATH/CodeIgniter.php(355): CodeIgniter\CodeIgniter->handleRequest()
 9 SYSTEMPATH/Boot.php(325): CodeIgniter\CodeIgniter->run()
10 SYSTEMPATH/Boot.php(67): CodeIgniter\Boot::runCodeIgniter()
11 FCPATH/index.php(56): CodeIgniter\Boot::bootWeb()
12 SYSTEMPATH/rewrite.php(44): require_once('/home/hubs/Development/Php/Frameworks/codeIgniter/codeigniter4-framework-336e078/public/index.php')
CRITICAL - 2024-08-27 13:39:13 --> ErrorException: Undefined variable $user
[Method: GET, Route: edit/5]
in APPPATH/Views/edit.php on line 19.
 1 APPPATH/Views/edit.php(19): CodeIgniter\Debug\Exceptions->errorHandler()
 2 SYSTEMPATH/View/View.php(234): include('/home/hubs/Development/Php/Frameworks/codeIgniter/codeigniter4-framework-336e078/app/Views/edit.php')
 3 SYSTEMPATH/View/View.php(237): CodeIgniter\View\View->CodeIgniter\View\{closure}()
 4 SYSTEMPATH/Common.php(1169): CodeIgniter\View\View->render()
 5 APPPATH/Controllers/Home.php(60): view()
 6 SYSTEMPATH/CodeIgniter.php(933): App\Controllers\Home->edit()
 7 SYSTEMPATH/CodeIgniter.php(509): CodeIgniter\CodeIgniter->runController()
 8 SYSTEMPATH/CodeIgniter.php(355): CodeIgniter\CodeIgniter->handleRequest()
 9 SYSTEMPATH/Boot.php(325): CodeIgniter\CodeIgniter->run()
10 SYSTEMPATH/Boot.php(67): CodeIgniter\Boot::runCodeIgniter()
11 FCPATH/index.php(56): CodeIgniter\Boot::bootWeb()
12 SYSTEMPATH/rewrite.php(44): require_once('/home/hubs/Development/Php/Frameworks/codeIgniter/codeigniter4-framework-336e078/public/index.php')
CRITICAL - 2024-08-27 13:46:44 --> ErrorException: Undefined variable $user
[Method: GET, Route: edit/5]
in APPPATH/Views/edit.php on line 19.
 1 APPPATH/Views/edit.php(19): CodeIgniter\Debug\Exceptions->errorHandler()
 2 SYSTEMPATH/View/View.php(234): include('/home/hubs/Development/Php/Frameworks/codeIgniter/codeigniter4-framework-336e078/app/Views/edit.php')
 3 SYSTEMPATH/View/View.php(237): CodeIgniter\View\View->CodeIgniter\View\{closure}()
 4 SYSTEMPATH/Common.php(1169): CodeIgniter\View\View->render()
 5 APPPATH/Controllers/Home.php(60): view()
 6 SYSTEMPATH/CodeIgniter.php(933): App\Controllers\Home->edit()
 7 SYSTEMPATH/CodeIgniter.php(509): CodeIgniter\CodeIgniter->runController()
 8 SYSTEMPATH/CodeIgniter.php(355): CodeIgniter\CodeIgniter->handleRequest()
 9 SYSTEMPATH/Boot.php(325): CodeIgniter\CodeIgniter->run()
10 SYSTEMPATH/Boot.php(67): CodeIgniter\Boot::runCodeIgniter()
11 FCPATH/index.php(56): CodeIgniter\Boot::bootWeb()
12 SYSTEMPATH/rewrite.php(44): require_once('/home/hubs/Development/Php/Frameworks/codeIgniter/codeigniter4-framework-336e078/public/index.php')
CRITICAL - 2024-08-27 13:48:23 --> ErrorException: Undefined variable $user
[Method: GET, Route: edit/5]
in APPPATH/Views/edit.php on line 19.
 1 APPPATH/Views/edit.php(19): CodeIgniter\Debug\Exceptions->errorHandler()
 2 SYSTEMPATH/View/View.php(234): include('/home/hubs/Development/Php/Frameworks/codeIgniter/codeigniter4-framework-336e078/app/Views/edit.php')
 3 SYSTEMPATH/View/View.php(237): CodeIgniter\View\View->CodeIgniter\View\{closure}()
 4 SYSTEMPATH/Common.php(1169): CodeIgniter\View\View->render()
 5 APPPATH/Controllers/Home.php(60): view()
 6 SYSTEMPATH/CodeIgniter.php(933): App\Controllers\Home->edit()
 7 SYSTEMPATH/CodeIgniter.php(509): CodeIgniter\CodeIgniter->runController()
 8 SYSTEMPATH/CodeIgniter.php(355): CodeIgniter\CodeIgniter->handleRequest()
 9 SYSTEMPATH/Boot.php(325): CodeIgniter\CodeIgniter->run()
10 SYSTEMPATH/Boot.php(67): CodeIgniter\Boot::runCodeIgniter()
11 FCPATH/index.php(56): CodeIgniter\Boot::bootWeb()
12 SYSTEMPATH/rewrite.php(44): require_once('/home/hubs/Development/Php/Frameworks/codeIgniter/codeigniter4-framework-336e078/public/index.php')
CRITICAL - 2024-08-27 13:57:20 --> TypeError: Unsupported operand types: string + string
[Method: GET, Route: edit/6]
in APPPATH/Views/edit.php on line 17.
 1 SYSTEMPATH/View/View.php(234): include()
 2 SYSTEMPATH/View/View.php(237): CodeIgniter\View\View->CodeIgniter\View\{closure}()
 3 SYSTEMPATH/Common.php(1169): CodeIgniter\View\View->render()
 4 APPPATH/Controllers/Home.php(60): view()
 5 SYSTEMPATH/CodeIgniter.php(933): App\Controllers\Home->edit()
 6 SYSTEMPATH/CodeIgniter.php(509): CodeIgniter\CodeIgniter->runController()
 7 SYSTEMPATH/CodeIgniter.php(355): CodeIgniter\CodeIgniter->handleRequest()
 8 SYSTEMPATH/Boot.php(325): CodeIgniter\CodeIgniter->run()
 9 SYSTEMPATH/Boot.php(67): CodeIgniter\Boot::runCodeIgniter()
10 FCPATH/index.php(56): CodeIgniter\Boot::bootWeb()
11 SYSTEMPATH/rewrite.php(44): require_once('/home/hubs/Development/Php/Frameworks/codeIgniter/codeigniter4-framework-336e078/public/index.php')
